[2024-12-05 15:59:48] laravel.EMERGENCY: Unable to create configured logger. Using emergency logger. {"exception":"[object] (InvalidArgumentException(code: 0): Log [] is not defined. at D:\\My Files\\Subject Files\\SAM10 Final\\CloudBuds\\CloudBuds\\sam10-Cloudbuds-main\\vendor\\laravel\\framework\\src\\Illuminate\\Log\\LogManager.php:232)
[stacktrace]
#0 D:\\My Files\\Subject Files\\SAM10 Final\\CloudBuds\\CloudBuds\\sam10-Cloudbuds-main\\vendor\\laravel\\framework\\src\\Illuminate\\Log\\LogManager.php(139): Illuminate\\Log\\LogManager->resolve('', NULL)
#1 D:\\My Files\\Subject Files\\SAM10 Final\\CloudBuds\\CloudBuds\\sam10-Cloudbuds-main\\vendor\\laravel\\framework\\src\\Illuminate\\Log\\LogManager.php(126): Illuminate\\Log\\LogManager->get('')
#2 D:\\My Files\\Subject Files\\SAM10 Final\\CloudBuds\\CloudBuds\\sam10-Cloudbuds-main\\vendor\\laravel\\framework\\src\\Illuminate\\Log\\LogManager.php(701): Illuminate\\Log\\LogManager->driver()
#3 D:\\My Files\\Subject Files\\SAM10 Final\\CloudBuds\\CloudBuds\\sam10-Cloudbuds-main\\vendor\\laravel\\framework\\src\\Illuminate\\Foundation\\Exceptions\\Handler.php(378): Illuminate\\Log\\LogManager->error('syntax error, u...', Array)
#4 D:\\My Files\\Subject Files\\SAM10 Final\\CloudBuds\\CloudBuds\\sam10-Cloudbuds-main\\vendor\\laravel\\framework\\src\\Illuminate\\Foundation\\Exceptions\\Handler.php(341): Illuminate\\Foundation\\Exceptions\\Handler->reportThrowable(Object(ParseError))
#5 D:\\My Files\\Subject Files\\SAM10 Final\\CloudBuds\\CloudBuds\\sam10-Cloudbuds-main\\vendor\\laravel\\framework\\src\\Illuminate\\Foundation\\Console\\Kernel.php(620): Illuminate\\Foundation\\Exceptions\\Handler->report(Object(ParseError))
#6 D:\\My Files\\Subject Files\\SAM10 Final\\CloudBuds\\CloudBuds\\sam10-Cloudbuds-main\\vendor\\laravel\\framework\\src\\Illuminate\\Foundation\\Console\\Kernel.php(199): Illuminate\\Foundation\\Console\\Kernel->reportException(Object(ParseError))
#7 D:\\My Files\\Subject Files\\SAM10 Final\\CloudBuds\\CloudBuds\\sam10-Cloudbuds-main\\vendor\\laravel\\framework\\src\\Illuminate\\Foundation\\Application.php(1205): Illuminate\\Foundation\\Console\\Kernel->handle(Object(Symfony\\Component\\Console\\Input\\ArgvInput), Object(Symfony\\Component\\Console\\Output\\ConsoleOutput))
#8 D:\\My Files\\Subject Files\\SAM10 Final\\CloudBuds\\CloudBuds\\sam10-Cloudbuds-main\\artisan(13): Illuminate\\Foundation\\Application->handleCommand(Object(Symfony\\Component\\Console\\Input\\ArgvInput))
#9 {main}
"} 
[2024-12-05 15:59:48] laravel.ERROR: syntax error, unexpected single-quoted string "laravel", expecting ")" {"exception":"[object] (ParseError(code: 0): syntax error, unexpected single-quoted string \"laravel\", expecting \")\" at D:\\My Files\\Subject Files\\SAM10 Final\\CloudBuds\\CloudBuds\\sam10-Cloudbuds-main\\config\\database.php:50)
[stacktrace]
#0 D:\\My Files\\Subject Files\\SAM10 Final\\CloudBuds\\CloudBuds\\sam10-Cloudbuds-main\\vendor\\laravel\\framework\\src\\Illuminate\\Foundation\\Bootstrap\\LoadConfiguration.php(96): Illuminate\\Foundation\\Bootstrap\\LoadConfiguration->Illuminate\\Foundation\\Bootstrap\\{closure}()
#1 D:\\My Files\\Subject Files\\SAM10 Final\\CloudBuds\\CloudBuds\\sam10-Cloudbuds-main\\vendor\\laravel\\framework\\src\\Illuminate\\Foundation\\Bootstrap\\LoadConfiguration.php(77): Illuminate\\Foundation\\Bootstrap\\LoadConfiguration->loadConfigurationFile(Object(Illuminate\\Config\\Repository), 'database', 'D:\\\\My Files\\\\Sub...', Array)
#2 D:\\My Files\\Subject Files\\SAM10 Final\\CloudBuds\\CloudBuds\\sam10-Cloudbuds-main\\vendor\\laravel\\framework\\src\\Illuminate\\Foundation\\Bootstrap\\LoadConfiguration.php(38): Illuminate\\Foundation\\Bootstrap\\LoadConfiguration->loadConfigurationFiles(Object(Illuminate\\Foundation\\Application), Object(Illuminate\\Config\\Repository))
#3 D:\\My Files\\Subject Files\\SAM10 Final\\CloudBuds\\CloudBuds\\sam10-Cloudbuds-main\\vendor\\laravel\\framework\\src\\Illuminate\\Foundation\\Application.php(316): Illuminate\\Foundation\\Bootstrap\\LoadConfiguration->bootstrap(Object(Illuminate\\Foundation\\Application))
#4 D:\\My Files\\Subject Files\\SAM10 Final\\CloudBuds\\CloudBuds\\sam10-Cloudbuds-main\\vendor\\laravel\\framework\\src\\Illuminate\\Foundation\\Console\\Kernel.php(473): Illuminate\\Foundation\\Application->bootstrapWith(Array)
#5 D:\\My Files\\Subject Files\\SAM10 Final\\CloudBuds\\CloudBuds\\sam10-Cloudbuds-main\\vendor\\laravel\\framework\\src\\Illuminate\\Foundation\\Console\\Kernel.php(195): Illuminate\\Foundation\\Console\\Kernel->bootstrap()
#6 D:\\My Files\\Subject Files\\SAM10 Final\\CloudBuds\\CloudBuds\\sam10-Cloudbuds-main\\vendor\\laravel\\framework\\src\\Illuminate\\Foundation\\Application.php(1205): Illuminate\\Foundation\\Console\\Kernel->handle(Object(Symfony\\Component\\Console\\Input\\ArgvInput), Object(Symfony\\Component\\Console\\Output\\ConsoleOutput))
#7 D:\\My Files\\Subject Files\\SAM10 Final\\CloudBuds\\CloudBuds\\sam10-Cloudbuds-main\\artisan(13): Illuminate\\Foundation\\Application->handleCommand(Object(Symfony\\Component\\Console\\Input\\ArgvInput))
#8 {main}
"} 
[2024-12-05 15:00:56] local.ERROR: The D:\My Files\Subject Files\SAM10 Final\CloudBuds\CloudBuds\sam10-Cloudbuds-main\bootstrap\cache directory must be present and writable. {"exception":"[object] (Exception(code: 0): The D:\\My Files\\Subject Files\\SAM10 Final\\CloudBuds\\CloudBuds\\sam10-Cloudbuds-main\\bootstrap\\cache directory must be present and writable. at D:\\My Files\\Subject Files\\SAM10 Final\\CloudBuds\\CloudBuds\\sam10-Cloudbuds-main\\vendor\\laravel\\framework\\src\\Illuminate\\Foundation\\PackageManifest.php:178)
[stacktrace]
#0 D:\\My Files\\Subject Files\\SAM10 Final\\CloudBuds\\CloudBuds\\sam10-Cloudbuds-main\\vendor\\laravel\\framework\\src\\Illuminate\\Foundation\\PackageManifest.php(131): Illuminate\\Foundation\\PackageManifest->write(Array)
#1 D:\\My Files\\Subject Files\\SAM10 Final\\CloudBuds\\CloudBuds\\sam10-Cloudbuds-main\\vendor\\laravel\\framework\\src\\Illuminate\\Foundation\\PackageManifest.php(107): Illuminate\\Foundation\\PackageManifest->build()
#2 D:\\My Files\\Subject Files\\SAM10 Final\\CloudBuds\\CloudBuds\\sam10-Cloudbuds-main\\vendor\\laravel\\framework\\src\\Illuminate\\Foundation\\PackageManifest.php(90): Illuminate\\Foundation\\PackageManifest->getManifest()
#3 D:\\My Files\\Subject Files\\SAM10 Final\\CloudBuds\\CloudBuds\\sam10-Cloudbuds-main\\vendor\\laravel\\framework\\src\\Illuminate\\Foundation\\PackageManifest.php(79): Illuminate\\Foundation\\PackageManifest->config('aliases')
#4 D:\\My Files\\Subject Files\\SAM10 Final\\CloudBuds\\CloudBuds\\sam10-Cloudbuds-main\\vendor\\laravel\\framework\\src\\Illuminate\\Foundation\\Bootstrap\\RegisterFacades.php(26): Illuminate\\Foundation\\PackageManifest->aliases()
#5 D:\\My Files\\Subject Files\\SAM10 Final\\CloudBuds\\CloudBuds\\sam10-Cloudbuds-main\\vendor\\laravel\\framework\\src\\Illuminate\\Foundation\\Application.php(316): Illuminate\\Foundation\\Bootstrap\\RegisterFacades->bootstrap(Object(Illuminate\\Foundation\\Application))
#6 D:\\My Files\\Subject Files\\SAM10 Final\\CloudBuds\\CloudBuds\\sam10-Cloudbuds-main\\vendor\\laravel\\framework\\src\\Illuminate\\Foundation\\Console\\Kernel.php(473): Illuminate\\Foundation\\Application->bootstrapWith(Array)
#7 D:\\My Files\\Subject Files\\SAM10 Final\\CloudBuds\\CloudBuds\\sam10-Cloudbuds-main\\vendor\\laravel\\framework\\src\\Illuminate\\Foundation\\Console\\Kernel.php(195): Illuminate\\Foundation\\Console\\Kernel->bootstrap()
#8 D:\\My Files\\Subject Files\\SAM10 Final\\CloudBuds\\CloudBuds\\sam10-Cloudbuds-main\\vendor\\laravel\\framework\\src\\Illuminate\\Foundation\\Application.php(1205): Illuminate\\Foundation\\Console\\Kernel->handle(Object(Symfony\\Component\\Console\\Input\\ArgvInput), Object(Symfony\\Component\\Console\\Output\\ConsoleOutput))
#9 D:\\My Files\\Subject Files\\SAM10 Final\\CloudBuds\\CloudBuds\\sam10-Cloudbuds-main\\artisan(13): Illuminate\\Foundation\\Application->handleCommand(Object(Symfony\\Component\\Console\\Input\\ArgvInput))
#10 {main}
"} 
[2024-12-05 15:05:18] local.ERROR: Please provide a valid cache path. {"exception":"[object] (InvalidArgumentException(code: 0): Please provide a valid cache path. at D:\\My Files\\Subject Files\\SAM10 Final\\CloudBuds\\CloudBuds\\sam10-Cloudbuds-main\\vendor\\laravel\\framework\\src\\Illuminate\\View\\Compilers\\Compiler.php:67)
[stacktrace]
#0 D:\\My Files\\Subject Files\\SAM10 Final\\CloudBuds\\CloudBuds\\sam10-Cloudbuds-main\\vendor\\laravel\\framework\\src\\Illuminate\\View\\ViewServiceProvider.php(97): Illuminate\\View\\Compilers\\Compiler->__construct(Object(Illuminate\\Filesystem\\Filesystem), false, '', true, 'php')
#1 D:\\My Files\\Subject Files\\SAM10 Final\\CloudBuds\\CloudBuds\\sam10-Cloudbuds-main\\vendor\\laravel\\framework\\src\\Illuminate\\Container\\Container.php(937): Illuminate\\View\\ViewServiceProvider->Illuminate\\View\\{closure}(Object(Illuminate\\Foundation\\Application), Array)
#2 D:\\My Files\\Subject Files\\SAM10 Final\\CloudBuds\\CloudBuds\\sam10-Cloudbuds-main\\vendor\\laravel\\framework\\src\\Illuminate\\Container\\Container.php(819): Illuminate\\Container\\Container->build(Object(Closure))
#3 D:\\My Files\\Subject Files\\SAM10 Final\\CloudBuds\\CloudBuds\\sam10-Cloudbuds-main\\vendor\\laravel\\framework\\src\\Illuminate\\Foundation\\Application.php(1048): Illuminate\\Container\\Container->resolve('blade.compiler', Array, true)
#4 D:\\My Files\\Subject Files\\SAM10 Final\\CloudBuds\\CloudBuds\\sam10-Cloudbuds-main\\vendor\\laravel\\framework\\src\\Illuminate\\Container\\Container.php(755): Illuminate\\Foundation\\Application->resolve('blade.compiler', Array)
#5 D:\\My Files\\Subject Files\\SAM10 Final\\CloudBuds\\CloudBuds\\sam10-Cloudbuds-main\\vendor\\laravel\\framework\\src\\Illuminate\\Foundation\\Application.php(1030): Illuminate\\Container\\Container->make('blade.compiler', Array)
#6 D:\\My Files\\Subject Files\\SAM10 Final\\CloudBuds\\CloudBuds\\sam10-Cloudbuds-main\\vendor\\laravel\\framework\\src\\Illuminate\\View\\ViewServiceProvider.php(168): Illuminate\\Foundation\\Application->make('blade.compiler')
#7 [internal function]: Illuminate\\View\\ViewServiceProvider->Illuminate\\View\\{closure}()
#8 D:\\My Files\\Subject Files\\SAM10 Final\\CloudBuds\\CloudBuds\\sam10-Cloudbuds-main\\vendor\\laravel\\framework\\src\\Illuminate\\View\\Engines\\EngineResolver.php(55): call_user_func(Object(Closure))
#9 D:\\My Files\\Subject Files\\SAM10 Final\\CloudBuds\\CloudBuds\\sam10-Cloudbuds-main\\vendor\\laravel\\framework\\src\\Illuminate\\View\\Factory.php(326): Illuminate\\View\\Engines\\EngineResolver->resolve('blade')
#10 D:\\My Files\\Subject Files\\SAM10 Final\\CloudBuds\\CloudBuds\\sam10-Cloudbuds-main\\vendor\\laravel\\framework\\src\\Illuminate\\View\\Factory.php(288): Illuminate\\View\\Factory->getEngineFromPath('D:\\\\My Files\\\\Sub...')
#11 D:\\My Files\\Subject Files\\SAM10 Final\\CloudBuds\\CloudBuds\\sam10-Cloudbuds-main\\vendor\\laravel\\framework\\src\\Illuminate\\View\\Factory.php(160): Illuminate\\View\\Factory->viewInstance('welcome', 'D:\\\\My Files\\\\Sub...', Array)
#12 D:\\My Files\\Subject Files\\SAM10 Final\\CloudBuds\\CloudBuds\\sam10-Cloudbuds-main\\vendor\\laravel\\framework\\src\\Illuminate\\Foundation\\helpers.php(1062): Illuminate\\View\\Factory->make('welcome', Array, Array)
#13 D:\\My Files\\Subject Files\\SAM10 Final\\CloudBuds\\CloudBuds\\sam10-Cloudbuds-main\\routes\\web.php(7): view('welcome')
#14 D:\\My Files\\Subject Files\\SAM10 Final\\CloudBuds\\CloudBuds\\sam10-Cloudbuds-main\\vendor\\laravel\\framework\\src\\Illuminate\\Routing\\CallableDispatcher.php(40): Illuminate\\Routing\\RouteFileRegistrar->{closure}()
#15 D:\\My Files\\Subject Files\\SAM10 Final\\CloudBuds\\CloudBuds\\sam10-Cloudbuds-main\\vendor\\laravel\\framework\\src\\Illuminate\\Routing\\Route.php(243): Illuminate\\Routing\\CallableDispatcher->dispatch(Object(Illuminate\\Routing\\Route), Object(Closure))
#16 D:\\My Files\\Subject Files\\SAM10 Final\\CloudBuds\\CloudBuds\\sam10-Cloudbuds-main\\vendor\\laravel\\framework\\src\\Illuminate\\Routing\\Route.php(214): Illuminate\\Routing\\Route->runCallable()
#17 D:\\My Files\\Subject Files\\SAM10 Final\\CloudBuds\\CloudBuds\\sam10-Cloudbuds-main\\vendor\\laravel\\framework\\src\\Illuminate\\Routing\\Router.php(808): Illuminate\\Routing\\Route->run()
#18 D:\\My Files\\Subject Files\\SAM10 Final\\CloudBuds\\CloudBuds\\sam10-Cloudbuds-main\\vendor\\laravel\\framework\\src\\Illuminate\\Pipeline\\Pipeline.php(144): Illuminate\\Routing\\Router->Illuminate\\Routing\\{closure}(Object(Illuminate\\Http\\Request))
#19 D:\\My Files\\Subject Files\\SAM10 Final\\CloudBuds\\CloudBuds\\sam10-Cloudbuds-main\\vendor\\laravel\\framework\\src\\Illuminate\\Routing\\Middleware\\SubstituteBindings.php(51): Illuminate\\Pipeline\\Pipeline->Illuminate\\Pipeline\\{closure}(Object(Illuminate\\Http\\Request))
#20 D:\\My Files\\Subject Files\\SAM10 Final\\CloudBuds\\CloudBuds\\sam10-Cloudbuds-main\\vendor\\laravel\\framework\\src\\Illuminate\\Pipeline\\Pipeline.php(183): Illuminate\\Routing\\Middleware\\SubstituteBindings->handle(Object(Illuminate\\Http\\Request), Object(Closure))
#21 D:\\My Files\\Subject Files\\SAM10 Final\\CloudBuds\\CloudBuds\\sam10-Cloudbuds-main\\vendor\\laravel\\framework\\src\\Illuminate\\Foundation\\Http\\Middleware\\VerifyCsrfToken.php(88): Illuminate\\Pipeline\\Pipeline->Illuminate\\Pipeline\\{closure}(Object(Illuminate\\Http\\Request))
#22 D:\\My Files\\Subject Files\\SAM10 Final\\CloudBuds\\CloudBuds\\sam10-Cloudbuds-main\\vendor\\laravel\\framework\\src\\Illuminate\\Pipeline\\Pipeline.php(183): Illuminate\\Foundation\\Http\\Middleware\\VerifyCsrfToken->handle(Object(Illuminate\\Http\\Request), Object(Closure))
#23 D:\\My Files\\Subject Files\\SAM10 Final\\CloudBuds\\CloudBuds\\sam10-Cloudbuds-main\\vendor\\laravel\\framework\\src\\Illuminate\\View\\Middleware\\ShareErrorsFromSession.php(49): Illuminate\\Pipeline\\Pipeline->Illuminate\\Pipeline\\{closure}(Object(Illuminate\\Http\\Request))
#24 D:\\My Files\\Subject Files\\SAM10 Final\\CloudBuds\\CloudBuds\\sam10-Cloudbuds-main\\vendor\\laravel\\framework\\src\\Illuminate\\Pipeline\\Pipeline.php(183): Illuminate\\View\\Middleware\\ShareErrorsFromSession->handle(Object(Illuminate\\Http\\Request), Object(Closure))
#25 D:\\My Files\\Subject Files\\SAM10 Final\\CloudBuds\\CloudBuds\\sam10-Cloudbuds-main\\vendor\\laravel\\framework\\src\\Illuminate\\Session\\Middleware\\StartSession.php(121): Illuminate\\Pipeline\\Pipeline->Illuminate\\Pipeline\\{closure}(Object(Illuminate\\Http\\Request))
#26 D:\\My Files\\Subject Files\\SAM10 Final\\CloudBuds\\CloudBuds\\sam10-Cloudbuds-main\\vendor\\laravel\\framework\\src\\Illuminate\\Session\\Middleware\\StartSession.php(64): Illuminate\\Session\\Middleware\\StartSession->handleStatefulRequest(Object(Illuminate\\Http\\Request), Object(Illuminate\\Session\\Store), Object(Closure))
#27 D:\\My Files\\Subject Files\\SAM10 Final\\CloudBuds\\CloudBuds\\sam10-Cloudbuds-main\\vendor\\laravel\\framework\\src\\Illuminate\\Pipeline\\Pipeline.php(183): Illuminate\\Session\\Middleware\\StartSession->handle(Object(Illuminate\\Http\\Request), Object(Closure))
#28 D:\\My Files\\Subject Files\\SAM10 Final\\CloudBuds\\CloudBuds\\sam10-Cloudbuds-main\\vendor\\laravel\\framework\\src\\Illuminate\\Cookie\\Middleware\\AddQueuedCookiesToResponse.php(37): Illuminate\\Pipeline\\Pipeline->Illuminate\\Pipeline\\{closure}(Object(Illuminate\\Http\\Request))
#29 D:\\My Files\\Subject Files\\SAM10 Final\\CloudBuds\\CloudBuds\\sam10-Cloudbuds-main\\vendor\\laravel\\framework\\src\\Illuminate\\Pipeline\\Pipeline.php(183): Illuminate\\Cookie\\Middleware\\AddQueuedCookiesToResponse->handle(Object(Illuminate\\Http\\Request), Object(Closure))
#30 D:\\My Files\\Subject Files\\SAM10 Final\\CloudBuds\\CloudBuds\\sam10-Cloudbuds-main\\vendor\\laravel\\framework\\src\\Illuminate\\Cookie\\Middleware\\EncryptCookies.php(75): Illuminate\\Pipeline\\Pipeline->Illuminate\\Pipeline\\{closure}(Object(Illuminate\\Http\\Request))
#31 D:\\My Files\\Subject Files\\SAM10 Final\\CloudBuds\\CloudBuds\\sam10-Cloudbuds-main\\vendor\\laravel\\framework\\src\\Illuminate\\Pipeline\\Pipeline.php(183): Illuminate\\Cookie\\Middleware\\EncryptCookies->handle(Object(Illuminate\\Http\\Request), Object(Closure))
#32 D:\\My Files\\Subject Files\\SAM10 Final\\CloudBuds\\CloudBuds\\sam10-Cloudbuds-main\\vendor\\laravel\\framework\\src\\Illuminate\\Pipeline\\Pipeline.php(119): Illuminate\\Pipeline\\Pipeline->Illuminate\\Pipeline\\{closure}(Object(Illuminate\\Http\\Request))
#33 D:\\My Files\\Subject Files\\SAM10 Final\\CloudBuds\\CloudBuds\\sam10-Cloudbuds-main\\vendor\\laravel\\framework\\src\\Illuminate\\Routing\\Router.php(807): Illuminate\\Pipeline\\Pipeline->then(Object(Closure))
#34 D:\\My Files\\Subject Files\\SAM10 Final\\CloudBuds\\CloudBuds\\sam10-Cloudbuds-main\\vendor\\laravel\\framework\\src\\Illuminate\\Routing\\Router.php(786): Illuminate\\Routing\\Router->runRouteWithinStack(Object(Illuminate\\Routing\\Route), Object(Illuminate\\Http\\Request))
#35 D:\\My Files\\Subject Files\\SAM10 Final\\CloudBuds\\CloudBuds\\sam10-Cloudbuds-main\\vendor\\laravel\\framework\\src\\Illuminate\\Routing\\Router.php(750): Illuminate\\Routing\\Router->runRoute(Object(Illuminate\\Http\\Request), Object(Illuminate\\Routing\\Route))
#36 D:\\My Files\\Subject Files\\SAM10 Final\\CloudBuds\\CloudBuds\\sam10-Cloudbuds-main\\vendor\\laravel\\framework\\src\\Illuminate\\Routing\\Router.php(739): Illuminate\\Routing\\Router->dispatchToRoute(Object(Illuminate\\Http\\Request))
#37 D:\\My Files\\Subject Files\\SAM10 Final\\CloudBuds\\CloudBuds\\sam10-Cloudbuds-main\\vendor\\laravel\\framework\\src\\Illuminate\\Foundation\\Http\\Kernel.php(201): Illuminate\\Routing\\Router->dispatch(Object(Illuminate\\Http\\Request))
#38 D:\\My Files\\Subject Files\\SAM10 Final\\CloudBuds\\CloudBuds\\sam10-Cloudbuds-main\\vendor\\laravel\\framework\\src\\Illuminate\\Pipeline\\Pipeline.php(144): Illuminate\\Foundation\\Http\\Kernel->Illuminate\\Foundation\\Http\\{closure}(Object(Illuminate\\Http\\Request))
#39 D:\\My Files\\Subject Files\\SAM10 Final\\CloudBuds\\CloudBuds\\sam10-Cloudbuds-main\\vendor\\laravel\\framework\\src\\Illuminate\\Foundation\\Http\\Middleware\\TransformsRequest.php(21): Illuminate\\Pipeline\\Pipeline->Illuminate\\Pipeline\\{closure}(Object(Illuminate\\Http\\Request))
#40 D:\\My Files\\Subject Files\\SAM10 Final\\CloudBuds\\CloudBuds\\sam10-Cloudbuds-main\\vendor\\laravel\\framework\\src\\Illuminate\\Foundation\\Http\\Middleware\\ConvertEmptyStringsToNull.php(31): Illuminate\\Foundation\\Http\\Middleware\\TransformsRequest->handle(Object(Illuminate\\Http\\Request), Object(Closure))
#41 D:\\My Files\\Subject Files\\SAM10 Final\\CloudBuds\\CloudBuds\\sam10-Cloudbuds-main\\vendor\\laravel\\framework\\src\\Illuminate\\Pipeline\\Pipeline.php(183): Illuminate\\Foundation\\Http\\Middleware\\ConvertEmptyStringsToNull->handle(Object(Illuminate\\Http\\Request), Object(Closure))
#42 D:\\My Files\\Subject Files\\SAM10 Final\\CloudBuds\\CloudBuds\\sam10-Cloudbuds-main\\vendor\\laravel\\framework\\src\\Illuminate\\Foundation\\Http\\Middleware\\TransformsRequest.php(21): Illuminate\\Pipeline\\Pipeline->Illuminate\\Pipeline\\{closure}(Object(Illuminate\\Http\\Request))
#43 D:\\My Files\\Subject Files\\SAM10 Final\\CloudBuds\\CloudBuds\\sam10-Cloudbuds-main\\vendor\\laravel\\framework\\src\\Illuminate\\Foundation\\Http\\Middleware\\TrimStrings.php(51): Illuminate\\Foundation\\Http\\Middleware\\TransformsRequest->handle(Object(Illuminate\\Http\\Request), Object(Closure))
#44 D:\\My Files\\Subject Files\\SAM10 Final\\CloudBuds\\CloudBuds\\sam10-Cloudbuds-main\\vendor\\laravel\\framework\\src\\Illuminate\\Pipeline\\Pipeline.php(183): Illuminate\\Foundation\\Http\\Middleware\\TrimStrings->handle(Object(Illuminate\\Http\\Request), Object(Closure))
#45 D:\\My Files\\Subject Files\\SAM10 Final\\CloudBuds\\CloudBuds\\sam10-Cloudbuds-main\\vendor\\laravel\\framework\\src\\Illuminate\\Http\\Middleware\\ValidatePostSize.php(27): Illuminate\\Pipeline\\Pipeline->Illuminate\\Pipeline\\{closure}(Object(Illuminate\\Http\\Request))
#46 D:\\My Files\\Subject Files\\SAM10 Final\\CloudBuds\\CloudBuds\\sam10-Cloudbuds-main\\vendor\\laravel\\framework\\src\\Illuminate\\Pipeline\\Pipeline.php(183): Illuminate\\Http\\Middleware\\ValidatePostSize->handle(Object(Illuminate\\Http\\Request), Object(Closure))
#47 D:\\My Files\\Subject Files\\SAM10 Final\\CloudBuds\\CloudBuds\\sam10-Cloudbuds-main\\vendor\\laravel\\framework\\src\\Illuminate\\Foundation\\Http\\Middleware\\PreventRequestsDuringMaintenance.php(110): Illuminate\\Pipeline\\Pipeline->Illuminate\\Pipeline\\{closure}(Object(Illuminate\\Http\\Request))
#48 D:\\My Files\\Subject Files\\SAM10 Final\\CloudBuds\\CloudBuds\\sam10-Cloudbuds-main\\vendor\\laravel\\framework\\src\\Illuminate\\Pipeline\\Pipeline.php(183): Illuminate\\Foundation\\Http\\Middleware\\PreventRequestsDuringMaintenance->handle(Object(Illuminate\\Http\\Request), Object(Closure))
#49 D:\\My Files\\Subject Files\\SAM10 Final\\CloudBuds\\CloudBuds\\sam10-Cloudbuds-main\\vendor\\laravel\\framework\\src\\Illuminate\\Http\\Middleware\\HandleCors.php(49): Illuminate\\Pipeline\\Pipeline->Illuminate\\Pipeline\\{closure}(Object(Illuminate\\Http\\Request))
#50 D:\\My Files\\Subject Files\\SAM10 Final\\CloudBuds\\CloudBuds\\sam10-Cloudbuds-main\\vendor\\laravel\\framework\\src\\Illuminate\\Pipeline\\Pipeline.php(183): Illuminate\\Http\\Middleware\\HandleCors->handle(Object(Illuminate\\Http\\Request), Object(Closure))
#51 D:\\My Files\\Subject Files\\SAM10 Final\\CloudBuds\\CloudBuds\\sam10-Cloudbuds-main\\vendor\\laravel\\framework\\src\\Illuminate\\Http\\Middleware\\TrustProxies.php(58): Illuminate\\Pipeline\\Pipeline->Illuminate\\Pipeline\\{closure}(Object(Illuminate\\Http\\Request))
#52 D:\\My Files\\Subject Files\\SAM10 Final\\CloudBuds\\CloudBuds\\sam10-Cloudbuds-main\\vendor\\laravel\\framework\\src\\Illuminate\\Pipeline\\Pipeline.php(183): Illuminate\\Http\\Middleware\\TrustProxies->handle(Object(Illuminate\\Http\\Request), Object(Closure))
#53 D:\\My Files\\Subject Files\\SAM10 Final\\CloudBuds\\CloudBuds\\sam10-Cloudbuds-main\\vendor\\laravel\\framework\\src\\Illuminate\\Foundation\\Http\\Middleware\\InvokeDeferredCallbacks.php(22): Illuminate\\Pipeline\\Pipeline->Illuminate\\Pipeline\\{closure}(Object(Illuminate\\Http\\Request))
#54 D:\\My Files\\Subject Files\\SAM10 Final\\CloudBuds\\CloudBuds\\sam10-Cloudbuds-main\\vendor\\laravel\\framework\\src\\Illuminate\\Pipeline\\Pipeline.php(183): Illuminate\\Foundation\\Http\\Middleware\\InvokeDeferredCallbacks->handle(Object(Illuminate\\Http\\Request), Object(Closure))
#55 D:\\My Files\\Subject Files\\SAM10 Final\\CloudBuds\\CloudBuds\\sam10-Cloudbuds-main\\vendor\\laravel\\framework\\src\\Illuminate\\Pipeline\\Pipeline.php(119): Illuminate\\Pipeline\\Pipeline->Illuminate\\Pipeline\\{closure}(Object(Illuminate\\Http\\Request))
#56 D:\\My Files\\Subject Files\\SAM10 Final\\CloudBuds\\CloudBuds\\sam10-Cloudbuds-main\\vendor\\laravel\\framework\\src\\Illuminate\\Foundation\\Http\\Kernel.php(176): Illuminate\\Pipeline\\Pipeline->then(Object(Closure))
#57 D:\\My Files\\Subject Files\\SAM10 Final\\CloudBuds\\CloudBuds\\sam10-Cloudbuds-main\\vendor\\laravel\\framework\\src\\Illuminate\\Foundation\\Http\\Kernel.php(145): Illuminate\\Foundation\\Http\\Kernel->sendRequestThroughRouter(Object(Illuminate\\Http\\Request))
#58 D:\\My Files\\Subject Files\\SAM10 Final\\CloudBuds\\CloudBuds\\sam10-Cloudbuds-main\\vendor\\laravel\\framework\\src\\Illuminate\\Foundation\\Application.php(1190): Illuminate\\Foundation\\Http\\Kernel->handle(Object(Illuminate\\Http\\Request))
#59 D:\\My Files\\Subject Files\\SAM10 Final\\CloudBuds\\CloudBuds\\sam10-Cloudbuds-main\\public\\index.php(17): Illuminate\\Foundation\\Application->handleRequest(Object(Illuminate\\Http\\Request))
#60 D:\\My Files\\Subject Files\\SAM10 Final\\CloudBuds\\CloudBuds\\sam10-Cloudbuds-main\\vendor\\laravel\\framework\\src\\Illuminate\\Foundation\\resources\\server.php(23): require_once('D:\\\\My Files\\\\Sub...')
#61 {main}
"} 
[2024-12-05 15:05:31] local.ERROR: Please provide a valid cache path. {"exception":"[object] (InvalidArgumentException(code: 0): Please provide a valid cache path. at D:\\My Files\\Subject Files\\SAM10 Final\\CloudBuds\\CloudBuds\\sam10-Cloudbuds-main\\vendor\\laravel\\framework\\src\\Illuminate\\View\\Compilers\\Compiler.php:67)
[stacktrace]
#0 D:\\My Files\\Subject Files\\SAM10 Final\\CloudBuds\\CloudBuds\\sam10-Cloudbuds-main\\vendor\\laravel\\framework\\src\\Illuminate\\View\\ViewServiceProvider.php(97): Illuminate\\View\\Compilers\\Compiler->__construct(Object(Illuminate\\Filesystem\\Filesystem), false, '', true, 'php')
#1 D:\\My Files\\Subject Files\\SAM10 Final\\CloudBuds\\CloudBuds\\sam10-Cloudbuds-main\\vendor\\laravel\\framework\\src\\Illuminate\\Container\\Container.php(937): Illuminate\\View\\ViewServiceProvider->Illuminate\\View\\{closure}(Object(Illuminate\\Foundation\\Application), Array)
#2 D:\\My Files\\Subject Files\\SAM10 Final\\CloudBuds\\CloudBuds\\sam10-Cloudbuds-main\\vendor\\laravel\\framework\\src\\Illuminate\\Container\\Container.php(819): Illuminate\\Container\\Container->build(Object(Closure))
#3 D:\\My Files\\Subject Files\\SAM10 Final\\CloudBuds\\CloudBuds\\sam10-Cloudbuds-main\\vendor\\laravel\\framework\\src\\Illuminate\\Foundation\\Application.php(1048): Illuminate\\Container\\Container->resolve('blade.compiler', Array, true)
#4 D:\\My Files\\Subject Files\\SAM10 Final\\CloudBuds\\CloudBuds\\sam10-Cloudbuds-main\\vendor\\laravel\\framework\\src\\Illuminate\\Container\\Container.php(755): Illuminate\\Foundation\\Application->resolve('blade.compiler', Array)
#5 D:\\My Files\\Subject Files\\SAM10 Final\\CloudBuds\\CloudBuds\\sam10-Cloudbuds-main\\vendor\\laravel\\framework\\src\\Illuminate\\Foundation\\Application.php(1030): Illuminate\\Container\\Container->make('blade.compiler', Array)
#6 D:\\My Files\\Subject Files\\SAM10 Final\\CloudBuds\\CloudBuds\\sam10-Cloudbuds-main\\vendor\\laravel\\framework\\src\\Illuminate\\View\\ViewServiceProvider.php(168): Illuminate\\Foundation\\Application->make('blade.compiler')
#7 [internal function]: Illuminate\\View\\ViewServiceProvider->Illuminate\\View\\{closure}()
#8 D:\\My Files\\Subject Files\\SAM10 Final\\CloudBuds\\CloudBuds\\sam10-Cloudbuds-main\\vendor\\laravel\\framework\\src\\Illuminate\\View\\Engines\\EngineResolver.php(55): call_user_func(Object(Closure))
#9 D:\\My Files\\Subject Files\\SAM10 Final\\CloudBuds\\CloudBuds\\sam10-Cloudbuds-main\\vendor\\laravel\\framework\\src\\Illuminate\\View\\Factory.php(326): Illuminate\\View\\Engines\\EngineResolver->resolve('blade')
#10 D:\\My Files\\Subject Files\\SAM10 Final\\CloudBuds\\CloudBuds\\sam10-Cloudbuds-main\\vendor\\laravel\\framework\\src\\Illuminate\\View\\Factory.php(288): Illuminate\\View\\Factory->getEngineFromPath('D:\\\\My Files\\\\Sub...')
#11 D:\\My Files\\Subject Files\\SAM10 Final\\CloudBuds\\CloudBuds\\sam10-Cloudbuds-main\\vendor\\laravel\\framework\\src\\Illuminate\\View\\Factory.php(160): Illuminate\\View\\Factory->viewInstance('welcome', 'D:\\\\My Files\\\\Sub...', Array)
#12 D:\\My Files\\Subject Files\\SAM10 Final\\CloudBuds\\CloudBuds\\sam10-Cloudbuds-main\\vendor\\laravel\\framework\\src\\Illuminate\\Foundation\\helpers.php(1062): Illuminate\\View\\Factory->make('welcome', Array, Array)
#13 D:\\My Files\\Subject Files\\SAM10 Final\\CloudBuds\\CloudBuds\\sam10-Cloudbuds-main\\routes\\web.php(7): view('welcome')
#14 D:\\My Files\\Subject Files\\SAM10 Final\\CloudBuds\\CloudBuds\\sam10-Cloudbuds-main\\vendor\\laravel\\framework\\src\\Illuminate\\Routing\\CallableDispatcher.php(40): Illuminate\\Routing\\RouteFileRegistrar->{closure}()
#15 D:\\My Files\\Subject Files\\SAM10 Final\\CloudBuds\\CloudBuds\\sam10-Cloudbuds-main\\vendor\\laravel\\framework\\src\\Illuminate\\Routing\\Route.php(243): Illuminate\\Routing\\CallableDispatcher->dispatch(Object(Illuminate\\Routing\\Route), Object(Closure))
#16 D:\\My Files\\Subject Files\\SAM10 Final\\CloudBuds\\CloudBuds\\sam10-Cloudbuds-main\\vendor\\laravel\\framework\\src\\Illuminate\\Routing\\Route.php(214): Illuminate\\Routing\\Route->runCallable()
#17 D:\\My Files\\Subject Files\\SAM10 Final\\CloudBuds\\CloudBuds\\sam10-Cloudbuds-main\\vendor\\laravel\\framework\\src\\Illuminate\\Routing\\Router.php(808): Illuminate\\Routing\\Route->run()
#18 D:\\My Files\\Subject Files\\SAM10 Final\\CloudBuds\\CloudBuds\\sam10-Cloudbuds-main\\vendor\\laravel\\framework\\src\\Illuminate\\Pipeline\\Pipeline.php(144): Illuminate\\Routing\\Router->Illuminate\\Routing\\{closure}(Object(Illuminate\\Http\\Request))
#19 D:\\My Files\\Subject Files\\SAM10 Final\\CloudBuds\\CloudBuds\\sam10-Cloudbuds-main\\vendor\\laravel\\framework\\src\\Illuminate\\Routing\\Middleware\\SubstituteBindings.php(51): Illuminate\\Pipeline\\Pipeline->Illuminate\\Pipeline\\{closure}(Object(Illuminate\\Http\\Request))
#20 D:\\My Files\\Subject Files\\SAM10 Final\\CloudBuds\\CloudBuds\\sam10-Cloudbuds-main\\vendor\\laravel\\framework\\src\\Illuminate\\Pipeline\\Pipeline.php(183): Illuminate\\Routing\\Middleware\\SubstituteBindings->handle(Object(Illuminate\\Http\\Request), Object(Closure))
#21 D:\\My Files\\Subject Files\\SAM10 Final\\CloudBuds\\CloudBuds\\sam10-Cloudbuds-main\\vendor\\laravel\\framework\\src\\Illuminate\\Foundation\\Http\\Middleware\\VerifyCsrfToken.php(88): Illuminate\\Pipeline\\Pipeline->Illuminate\\Pipeline\\{closure}(Object(Illuminate\\Http\\Request))
#22 D:\\My Files\\Subject Files\\SAM10 Final\\CloudBuds\\CloudBuds\\sam10-Cloudbuds-main\\vendor\\laravel\\framework\\src\\Illuminate\\Pipeline\\Pipeline.php(183): Illuminate\\Foundation\\Http\\Middleware\\VerifyCsrfToken->handle(Object(Illuminate\\Http\\Request), Object(Closure))
#23 D:\\My Files\\Subject Files\\SAM10 Final\\CloudBuds\\CloudBuds\\sam10-Cloudbuds-main\\vendor\\laravel\\framework\\src\\Illuminate\\View\\Middleware\\ShareErrorsFromSession.php(49): Illuminate\\Pipeline\\Pipeline->Illuminate\\Pipeline\\{closure}(Object(Illuminate\\Http\\Request))
#24 D:\\My Files\\Subject Files\\SAM10 Final\\CloudBuds\\CloudBuds\\sam10-Cloudbuds-main\\vendor\\laravel\\framework\\src\\Illuminate\\Pipeline\\Pipeline.php(183): Illuminate\\View\\Middleware\\ShareErrorsFromSession->handle(Object(Illuminate\\Http\\Request), Object(Closure))
#25 D:\\My Files\\Subject Files\\SAM10 Final\\CloudBuds\\CloudBuds\\sam10-Cloudbuds-main\\vendor\\laravel\\framework\\src\\Illuminate\\Session\\Middleware\\StartSession.php(121): Illuminate\\Pipeline\\Pipeline->Illuminate\\Pipeline\\{closure}(Object(Illuminate\\Http\\Request))
#26 D:\\My Files\\Subject Files\\SAM10 Final\\CloudBuds\\CloudBuds\\sam10-Cloudbuds-main\\vendor\\laravel\\framework\\src\\Illuminate\\Session\\Middleware\\StartSession.php(64): Illuminate\\Session\\Middleware\\StartSession->handleStatefulRequest(Object(Illuminate\\Http\\Request), Object(Illuminate\\Session\\Store), Object(Closure))
#27 D:\\My Files\\Subject Files\\SAM10 Final\\CloudBuds\\CloudBuds\\sam10-Cloudbuds-main\\vendor\\laravel\\framework\\src\\Illuminate\\Pipeline\\Pipeline.php(183): Illuminate\\Session\\Middleware\\StartSession->handle(Object(Illuminate\\Http\\Request), Object(Closure))
#28 D:\\My Files\\Subject Files\\SAM10 Final\\CloudBuds\\CloudBuds\\sam10-Cloudbuds-main\\vendor\\laravel\\framework\\src\\Illuminate\\Cookie\\Middleware\\AddQueuedCookiesToResponse.php(37): Illuminate\\Pipeline\\Pipeline->Illuminate\\Pipeline\\{closure}(Object(Illuminate\\Http\\Request))
#29 D:\\My Files\\Subject Files\\SAM10 Final\\CloudBuds\\CloudBuds\\sam10-Cloudbuds-main\\vendor\\laravel\\framework\\src\\Illuminate\\Pipeline\\Pipeline.php(183): Illuminate\\Cookie\\Middleware\\AddQueuedCookiesToResponse->handle(Object(Illuminate\\Http\\Request), Object(Closure))
#30 D:\\My Files\\Subject Files\\SAM10 Final\\CloudBuds\\CloudBuds\\sam10-Cloudbuds-main\\vendor\\laravel\\framework\\src\\Illuminate\\Cookie\\Middleware\\EncryptCookies.php(75): Illuminate\\Pipeline\\Pipeline->Illuminate\\Pipeline\\{closure}(Object(Illuminate\\Http\\Request))
#31 D:\\My Files\\Subject Files\\SAM10 Final\\CloudBuds\\CloudBuds\\sam10-Cloudbuds-main\\vendor\\laravel\\framework\\src\\Illuminate\\Pipeline\\Pipeline.php(183): Illuminate\\Cookie\\Middleware\\EncryptCookies->handle(Object(Illuminate\\Http\\Request), Object(Closure))
#32 D:\\My Files\\Subject Files\\SAM10 Final\\CloudBuds\\CloudBuds\\sam10-Cloudbuds-main\\vendor\\laravel\\framework\\src\\Illuminate\\Pipeline\\Pipeline.php(119): Illuminate\\Pipeline\\Pipeline->Illuminate\\Pipeline\\{closure}(Object(Illuminate\\Http\\Request))
#33 D:\\My Files\\Subject Files\\SAM10 Final\\CloudBuds\\CloudBuds\\sam10-Cloudbuds-main\\vendor\\laravel\\framework\\src\\Illuminate\\Routing\\Router.php(807): Illuminate\\Pipeline\\Pipeline->then(Object(Closure))
#34 D:\\My Files\\Subject Files\\SAM10 Final\\CloudBuds\\CloudBuds\\sam10-Cloudbuds-main\\vendor\\laravel\\framework\\src\\Illuminate\\Routing\\Router.php(786): Illuminate\\Routing\\Router->runRouteWithinStack(Object(Illuminate\\Routing\\Route), Object(Illuminate\\Http\\Request))
#35 D:\\My Files\\Subject Files\\SAM10 Final\\CloudBuds\\CloudBuds\\sam10-Cloudbuds-main\\vendor\\laravel\\framework\\src\\Illuminate\\Routing\\Router.php(750): Illuminate\\Routing\\Router->runRoute(Object(Illuminate\\Http\\Request), Object(Illuminate\\Routing\\Route))
#36 D:\\My Files\\Subject Files\\SAM10 Final\\CloudBuds\\CloudBuds\\sam10-Cloudbuds-main\\vendor\\laravel\\framework\\src\\Illuminate\\Routing\\Router.php(739): Illuminate\\Routing\\Router->dispatchToRoute(Object(Illuminate\\Http\\Request))
#37 D:\\My Files\\Subject Files\\SAM10 Final\\CloudBuds\\CloudBuds\\sam10-Cloudbuds-main\\vendor\\laravel\\framework\\src\\Illuminate\\Foundation\\Http\\Kernel.php(201): Illuminate\\Routing\\Router->dispatch(Object(Illuminate\\Http\\Request))
#38 D:\\My Files\\Subject Files\\SAM10 Final\\CloudBuds\\CloudBuds\\sam10-Cloudbuds-main\\vendor\\laravel\\framework\\src\\Illuminate\\Pipeline\\Pipeline.php(144): Illuminate\\Foundation\\Http\\Kernel->Illuminate\\Foundation\\Http\\{closure}(Object(Illuminate\\Http\\Request))
#39 D:\\My Files\\Subject Files\\SAM10 Final\\CloudBuds\\CloudBuds\\sam10-Cloudbuds-main\\vendor\\laravel\\framework\\src\\Illuminate\\Foundation\\Http\\Middleware\\TransformsRequest.php(21): Illuminate\\Pipeline\\Pipeline->Illuminate\\Pipeline\\{closure}(Object(Illuminate\\Http\\Request))
#40 D:\\My Files\\Subject Files\\SAM10 Final\\CloudBuds\\CloudBuds\\sam10-Cloudbuds-main\\vendor\\laravel\\framework\\src\\Illuminate\\Foundation\\Http\\Middleware\\ConvertEmptyStringsToNull.php(31): Illuminate\\Foundation\\Http\\Middleware\\TransformsRequest->handle(Object(Illuminate\\Http\\Request), Object(Closure))
#41 D:\\My Files\\Subject Files\\SAM10 Final\\CloudBuds\\CloudBuds\\sam10-Cloudbuds-main\\vendor\\laravel\\framework\\src\\Illuminate\\Pipeline\\Pipeline.php(183): Illuminate\\Foundation\\Http\\Middleware\\ConvertEmptyStringsToNull->handle(Object(Illuminate\\Http\\Request), Object(Closure))
#42 D:\\My Files\\Subject Files\\SAM10 Final\\CloudBuds\\CloudBuds\\sam10-Cloudbuds-main\\vendor\\laravel\\framework\\src\\Illuminate\\Foundation\\Http\\Middleware\\TransformsRequest.php(21): Illuminate\\Pipeline\\Pipeline->Illuminate\\Pipeline\\{closure}(Object(Illuminate\\Http\\Request))
#43 D:\\My Files\\Subject Files\\SAM10 Final\\CloudBuds\\CloudBuds\\sam10-Cloudbuds-main\\vendor\\laravel\\framework\\src\\Illuminate\\Foundation\\Http\\Middleware\\TrimStrings.php(51): Illuminate\\Foundation\\Http\\Middleware\\TransformsRequest->handle(Object(Illuminate\\Http\\Request), Object(Closure))
#44 D:\\My Files\\Subject Files\\SAM10 Final\\CloudBuds\\CloudBuds\\sam10-Cloudbuds-main\\vendor\\laravel\\framework\\src\\Illuminate\\Pipeline\\Pipeline.php(183): Illuminate\\Foundation\\Http\\Middleware\\TrimStrings->handle(Object(Illuminate\\Http\\Request), Object(Closure))
#45 D:\\My Files\\Subject Files\\SAM10 Final\\CloudBuds\\CloudBuds\\sam10-Cloudbuds-main\\vendor\\laravel\\framework\\src\\Illuminate\\Http\\Middleware\\ValidatePostSize.php(27): Illuminate\\Pipeline\\Pipeline->Illuminate\\Pipeline\\{closure}(Object(Illuminate\\Http\\Request))
#46 D:\\My Files\\Subject Files\\SAM10 Final\\CloudBuds\\CloudBuds\\sam10-Cloudbuds-main\\vendor\\laravel\\framework\\src\\Illuminate\\Pipeline\\Pipeline.php(183): Illuminate\\Http\\Middleware\\ValidatePostSize->handle(Object(Illuminate\\Http\\Request), Object(Closure))
#47 D:\\My Files\\Subject Files\\SAM10 Final\\CloudBuds\\CloudBuds\\sam10-Cloudbuds-main\\vendor\\laravel\\framework\\src\\Illuminate\\Foundation\\Http\\Middleware\\PreventRequestsDuringMaintenance.php(110): Illuminate\\Pipeline\\Pipeline->Illuminate\\Pipeline\\{closure}(Object(Illuminate\\Http\\Request))
#48 D:\\My Files\\Subject Files\\SAM10 Final\\CloudBuds\\CloudBuds\\sam10-Cloudbuds-main\\vendor\\laravel\\framework\\src\\Illuminate\\Pipeline\\Pipeline.php(183): Illuminate\\Foundation\\Http\\Middleware\\PreventRequestsDuringMaintenance->handle(Object(Illuminate\\Http\\Request), Object(Closure))
#49 D:\\My Files\\Subject Files\\SAM10 Final\\CloudBuds\\CloudBuds\\sam10-Cloudbuds-main\\vendor\\laravel\\framework\\src\\Illuminate\\Http\\Middleware\\HandleCors.php(49): Illuminate\\Pipeline\\Pipeline->Illuminate\\Pipeline\\{closure}(Object(Illuminate\\Http\\Request))
#50 D:\\My Files\\Subject Files\\SAM10 Final\\CloudBuds\\CloudBuds\\sam10-Cloudbuds-main\\vendor\\laravel\\framework\\src\\Illuminate\\Pipeline\\Pipeline.php(183): Illuminate\\Http\\Middleware\\HandleCors->handle(Object(Illuminate\\Http\\Request), Object(Closure))
#51 D:\\My Files\\Subject Files\\SAM10 Final\\CloudBuds\\CloudBuds\\sam10-Cloudbuds-main\\vendor\\laravel\\framework\\src\\Illuminate\\Http\\Middleware\\TrustProxies.php(58): Illuminate\\Pipeline\\Pipeline->Illuminate\\Pipeline\\{closure}(Object(Illuminate\\Http\\Request))
#52 D:\\My Files\\Subject Files\\SAM10 Final\\CloudBuds\\CloudBuds\\sam10-Cloudbuds-main\\vendor\\laravel\\framework\\src\\Illuminate\\Pipeline\\Pipeline.php(183): Illuminate\\Http\\Middleware\\TrustProxies->handle(Object(Illuminate\\Http\\Request), Object(Closure))
#53 D:\\My Files\\Subject Files\\SAM10 Final\\CloudBuds\\CloudBuds\\sam10-Cloudbuds-main\\vendor\\laravel\\framework\\src\\Illuminate\\Foundation\\Http\\Middleware\\InvokeDeferredCallbacks.php(22): Illuminate\\Pipeline\\Pipeline->Illuminate\\Pipeline\\{closure}(Object(Illuminate\\Http\\Request))
#54 D:\\My Files\\Subject Files\\SAM10 Final\\CloudBuds\\CloudBuds\\sam10-Cloudbuds-main\\vendor\\laravel\\framework\\src\\Illuminate\\Pipeline\\Pipeline.php(183): Illuminate\\Foundation\\Http\\Middleware\\InvokeDeferredCallbacks->handle(Object(Illuminate\\Http\\Request), Object(Closure))
#55 D:\\My Files\\Subject Files\\SAM10 Final\\CloudBuds\\CloudBuds\\sam10-Cloudbuds-main\\vendor\\laravel\\framework\\src\\Illuminate\\Pipeline\\Pipeline.php(119): Illuminate\\Pipeline\\Pipeline->Illuminate\\Pipeline\\{closure}(Object(Illuminate\\Http\\Request))
#56 D:\\My Files\\Subject Files\\SAM10 Final\\CloudBuds\\CloudBuds\\sam10-Cloudbuds-main\\vendor\\laravel\\framework\\src\\Illuminate\\Foundation\\Http\\Kernel.php(176): Illuminate\\Pipeline\\Pipeline->then(Object(Closure))
#57 D:\\My Files\\Subject Files\\SAM10 Final\\CloudBuds\\CloudBuds\\sam10-Cloudbuds-main\\vendor\\laravel\\framework\\src\\Illuminate\\Foundation\\Http\\Kernel.php(145): Illuminate\\Foundation\\Http\\Kernel->sendRequestThroughRouter(Object(Illuminate\\Http\\Request))
#58 D:\\My Files\\Subject Files\\SAM10 Final\\CloudBuds\\CloudBuds\\sam10-Cloudbuds-main\\vendor\\laravel\\framework\\src\\Illuminate\\Foundation\\Application.php(1190): Illuminate\\Foundation\\Http\\Kernel->handle(Object(Illuminate\\Http\\Request))
#59 D:\\My Files\\Subject Files\\SAM10 Final\\CloudBuds\\CloudBuds\\sam10-Cloudbuds-main\\public\\index.php(17): Illuminate\\Foundation\\Application->handleRequest(Object(Illuminate\\Http\\Request))
#60 D:\\My Files\\Subject Files\\SAM10 Final\\CloudBuds\\CloudBuds\\sam10-Cloudbuds-main\\vendor\\laravel\\framework\\src\\Illuminate\\Foundation\\resources\\server.php(23): require_once('D:\\\\My Files\\\\Sub...')
#61 {main}
"} 
